This is XeTeX, Version 3.141592653-2.6-0.999995 (TeX Live 2023/Arch Linux) (preloaded format=xelatex 2023.6.10)  17 JUN 2023 00:01
entering extended mode
 \write18 enabled.
 file:line:error style messages enabled.
 %&-line parsing enabled.
**/home/zpd/Document/animate/scarab/main
(/home/zpd/Document/animate/scarab/main.tex
LaTeX2e <2022-11-01> patch level 1
L3 programming layer <2023-02-22> (/usr/share/texmf-dist/tex/latex/base/article.cls
Document Class: article 2022/07/02 v1.4n Standard LaTeX document class
(/usr/share/texmf-dist/tex/latex/base/size10.clo
File: size10.clo 2022/07/02 v1.4n Standard LaTeX file (size option)
)
\c@part=\count181
\c@section=\count182
\c@subsection=\count183
\c@subsubsection=\count184
\c@paragraph=\count185
\c@subparagraph=\count186
\c@figure=\count187
\c@table=\count188
\abovecaptionskip=\skip48
\belowcaptionskip=\skip49
\bibindent=\dimen140
) (/usr/share/texmf-dist/tex/generic/intcalc/intcalc.sty
Package: intcalc 2019/12/15 v1.3 Expandable calculations with integers (HO)
) (/usr/share/texmf-dist/tex/latex/animate/animate.sty
Package: animate 2022/09/15 PDF & SVG animations from files and inline graphics
 (/usr/share/texmf-dist/tex/latex/base/ifthen.sty
Package: ifthen 2022/04/13 v1.1d Standard LaTeX ifthen package (DPC)
) (/usr/share/texmf-dist/tex/generic/iftex/iftex.sty
Package: iftex 2022/02/03 v1.0f TeX engine tests
) (/usr/share/texmf-dist/tex/latex/oberdiek/ifdraft.sty
Package: ifdraft 2016/05/16 v1.4 Detect class options draft and final (HO)
) (/usr/share/texmf-dist/tex/latex/tools/calc.sty
Package: calc 2017/05/25 v4.3 Infix arithmetic (KKT,FJ)
\calc@Acount=\count189
\calc@Bcount=\count190
\calc@Adimen=\dimen141
\calc@Bdimen=\dimen142
\calc@Askip=\skip50
\calc@Bskip=\skip51
LaTeX Info: Redefining \setlength on input line 80.
LaTeX Info: Redefining \addtolength on input line 81.
\calc@Ccount=\count191
\calc@Cskip=\skip52
) (/usr/share/texmf-dist/tex/latex/media9/pdfbase.sty
Package: pdfbase 2022/08/04 v0.55 driver independent access to low-level PDF features
 (/usr/share/texmf-dist/tex/latex/l3backend/l3backend-xetex.def
File: l3backend-xetex.def 2023-01-16 L3 backend support: XeTeX
\g__graphics_track_int=\count192
\l__pdf_internal_box=\box51
\g__pdf_backend_object_int=\count193
\g__pdf_backend_annotation_int=\count194
\g__pdf_backend_link_int=\count195
)
\g_pbs_page_int=\count196
\g_pbs_obj_int=\count197
\g_pbs_oc_int=\count198
) (/usr/share/texmf-dist/tex/latex/graphics/graphics.sty
Package: graphics 2022/03/10 v1.4e Standard LaTeX Graphics (DPC,SPQR)
 (/usr/share/texmf-dist/tex/latex/graphics/trig.sty
Package: trig 2021/08/11 v1.11 sin cos tan (DPC)
) (/usr/share/texmf-dist/tex/latex/graphics-cfg/graphics.cfg
File: graphics.cfg 2016/06/04 v1.11 sample graphics configuration
)
Package graphics Info: Driver file: xetex.def on input line 107.
 (/usr/share/texmf-dist/tex/latex/graphics-def/xetex.def
File: xetex.def 2022/09/22 v5.0n Graphics/color driver for xetex
)) (/usr/share/texmf-dist/tex/latex/zref/zref-abspage.sty
Package: zref-abspage 2022-04-07 v2.34 Module abspage for zref (HO)
 (/usr/share/texmf-dist/tex/latex/zref/zref-base.sty
Package: zref-base 2022-04-07 v2.34 Module base for zref (HO)
 (/usr/share/texmf-dist/tex/generic/ltxcmds/ltxcmds.sty
Package: ltxcmds 2020-05-10 v1.25 LaTeX kernel commands for general use (HO)
) (/usr/share/texmf-dist/tex/generic/infwarerr/infwarerr.sty
Package: infwarerr 2019/12/03 v1.5 Providing info/warning/error messages (HO)
) (/usr/share/texmf-dist/tex/latex/kvsetkeys/kvsetkeys.sty
Package: kvsetkeys 2022-10-05 v1.19 Key value parser (HO)
) (/usr/share/texmf-dist/tex/generic/kvdefinekeys/kvdefinekeys.sty
Package: kvdefinekeys 2019-12-19 v1.6 Define keys (HO)
) (/usr/share/texmf-dist/tex/generic/pdftexcmds/pdftexcmds.sty
Package: pdftexcmds 2020-06-27 v0.33 Utility functions of pdfTeX for LuaTeX (HO)
Package pdftexcmds Info: \pdf@primitive is available.
Package pdftexcmds Info: \pdf@ifprimitive is available.
Package pdftexcmds Info: \pdfdraftmode not found.
) (/usr/share/texmf-dist/tex/generic/etexcmds/etexcmds.sty
Package: etexcmds 2019/12/15 v1.7 Avoid name clashes with e-TeX commands (HO)
) (/usr/share/texmf-dist/tex/latex/auxhook/auxhook.sty
Package: auxhook 2019-12-17 v1.6 Hooks for auxiliary files (HO)
)
Package zref Info: New property list: main on input line 767.
Package zref Info: New property: default on input line 768.
Package zref Info: New property: page on input line 769.
) (/usr/share/texmf-dist/tex/latex/base/atbegshi-ltx.sty
Package: atbegshi-ltx 2021/01/10 v1.0c Emulation of the original atbegshi
package with kernel methods
)
\c@abspage=\count199
Package zref Info: New property: abspage on input line 65.
) (/usr/share/texmf-dist/tex/latex/ocgx2/ocgbase.sty
Package: ocgbase 2022/08/04 v0.22 support package for ocgx2.sty
\g_ocgbase_nd_int=\count266
)
\@anim@box=\box52
\@anim@measbox=\box53
\@anim@tmpdima=\dimen143
\@anim@tmpdimb=\dimen144
\@anim@num=\count267
\@anim@curframe=\count268
\@anim@curframe@zb=\count269
\@anim@resizeflags=\count270
\@anim@skipfram=\count271
\@anim@mulframecnt=\count272
\@anim@@tmlnfile=\read2
\@anim@tmpcnt=\count273
\c@@anim@ltxcnt=\count274
\@anim@curlayer=\count275
\@anim@lineno=\count276
\@anim@curfield=\count277
\@anim@@resizeflags=\count278
) (/usr/share/texmf-dist/tex/latex/graphics/graphicx.sty
Package: graphicx 2021/09/16 v1.2d Enhanced LaTeX Graphics (DPC,SPQR)
 (/usr/share/texmf-dist/tex/latex/graphics/keyval.sty
Package: keyval 2022/05/29 v1.15 key=value parser (DPC)
\KV@toks@=\toks16
)
\Gin@req@height=\dimen145
\Gin@req@width=\dimen146
)
\c@scarab=\count279
\c@blueline=\count280
\c@grayline=\count281
\TimeLineFile=\write3
\openout3 = `scarab.tln'.

 (./main.aux)
\openout1 = `main.aux'.

LaTeX Font Info:    Checking defaults for OML/cmm/m/it on input line 30.
LaTeX Font Info:    ... okay on input line 30.
LaTeX Font Info:    Checking defaults for OMS/cmsy/m/n on input line 30.
LaTeX Font Info:    ... okay on input line 30.
LaTeX Font Info:    Checking defaults for OT1/cmr/m/n on input line 30.
LaTeX Font Info:    ... okay on input line 30.
LaTeX Font Info:    Checking defaults for T1/cmr/m/n on input line 30.
LaTeX Font Info:    ... okay on input line 30.
LaTeX Font Info:    Checking defaults for TS1/cmr/m/n on input line 30.
LaTeX Font Info:    Trying to load font information for TS1+cmr on input line 30.
 (/usr/share/texmf-dist/tex/latex/base/ts1cmr.fd
File: ts1cmr.fd 2022/07/10 v2.5l Standard LaTeX font definitions
)
LaTeX Font Info:    ... okay on input line 30.
LaTeX Font Info:    Checking defaults for TU/lmr/m/n on input line 30.
LaTeX Font Info:    ... okay on input line 30.
LaTeX Font Info:    Checking defaults for OMX/cmex/m/n on input line 30.
LaTeX Font Info:    ... okay on input line 30.
LaTeX Font Info:    Checking defaults for U/cmr/m/n on input line 30.
LaTeX Font Info:    ... okay on input line 30.
File: scarab_0.mps Graphic file (type mps)
<scarab_0.mps>
 <a0,fr0>
File: scarab_1.mps Graphic file (type mps)
<scarab_1.mps>
 <a0,fr1>
File: scarab_2.mps Graphic file (type mps)
<scarab_2.mps>
 <a0,fr2>
File: scarab_3.mps Graphic file (type mps)
<scarab_3.mps>
 <a0,fr3>
File: scarab_4.mps Graphic file (type mps)
<scarab_4.mps>
 <a0,fr4>
File: scarab_5.mps Graphic file (type mps)
<scarab_5.mps>
 <a0,fr5>
File: scarab_6.mps Graphic file (type mps)
<scarab_6.mps>
 <a0,fr6>
File: scarab_7.mps Graphic file (type mps)
<scarab_7.mps>
 <a0,fr7>
File: scarab_8.mps Graphic file (type mps)
<scarab_8.mps>
 <a0,fr8>
File: scarab_9.mps Graphic file (type mps)
<scarab_9.mps>
 <a0,fr9>
File: scarab_10.mps Graphic file (type mps)
<scarab_10.mps>
 <a0,fr10>
File: scarab_11.mps Graphic file (type mps)
<scarab_11.mps>
 <a0,fr11>
File: scarab_12.mps Graphic file (type mps)
<scarab_12.mps>
 <a0,fr12>
File: scarab_13.mps Graphic file (type mps)
<scarab_13.mps>
 <a0,fr13>
File: scarab_14.mps Graphic file (type mps)
<scarab_14.mps>
 <a0,fr14>
File: scarab_15.mps Graphic file (type mps)
<scarab_15.mps>
 <a0,fr15>
File: scarab_16.mps Graphic file (type mps)
<scarab_16.mps>
 <a0,fr16>
File: scarab_17.mps Graphic file (type mps)
<scarab_17.mps>
 <a0,fr17>
File: scarab_18.mps Graphic file (type mps)
<scarab_18.mps>
 <a0,fr18>
File: scarab_19.mps Graphic file (type mps)
<scarab_19.mps>
 <a0,fr19>
File: scarab_20.mps Graphic file (type mps)
<scarab_20.mps>
 <a0,fr20>
File: scarab_21.mps Graphic file (type mps)
<scarab_21.mps>
 <a0,fr21>
File: scarab_22.mps Graphic file (type mps)
<scarab_22.mps>
 <a0,fr22>
File: scarab_23.mps Graphic file (type mps)
<scarab_23.mps>
 <a0,fr23>
File: scarab_24.mps Graphic file (type mps)
<scarab_24.mps>
 <a0,fr24>
File: scarab_25.mps Graphic file (type mps)
<scarab_25.mps>
 <a0,fr25>
File: scarab_26.mps Graphic file (type mps)
<scarab_26.mps>
 <a0,fr26>
File: scarab_27.mps Graphic file (type mps)
<scarab_27.mps>
 <a0,fr27>
File: scarab_28.mps Graphic file (type mps)
<scarab_28.mps>
 <a0,fr28>
File: scarab_29.mps Graphic file (type mps)
<scarab_29.mps>
 <a0,fr29>
File: scarab_30.mps Graphic file (type mps)
<scarab_30.mps>
 <a0,fr30>
File: scarab_31.mps Graphic file (type mps)
<scarab_31.mps>
 <a0,fr31>
File: scarab_32.mps Graphic file (type mps)
<scarab_32.mps>
 <a0,fr32>
File: scarab_33.mps Graphic file (type mps)
<scarab_33.mps>
 <a0,fr33>
File: scarab_34.mps Graphic file (type mps)
<scarab_34.mps>
 <a0,fr34>
File: scarab_35.mps Graphic file (type mps)
<scarab_35.mps>
 <a0,fr35>
File: scarab_36.mps Graphic file (type mps)
<scarab_36.mps>
 <a0,fr36>
File: scarab_37.mps Graphic file (type mps)
<scarab_37.mps>
 <a0,fr37>
File: scarab_38.mps Graphic file (type mps)
<scarab_38.mps>
 <a0,fr38>
File: scarab_39.mps Graphic file (type mps)
<scarab_39.mps>
 <a0,fr39>
File: scarab_40.mps Graphic file (type mps)
<scarab_40.mps>
 <a0,fr40>
File: scarab_41.mps Graphic file (type mps)
<scarab_41.mps>
 <a0,fr41>
File: scarab_42.mps Graphic file (type mps)
<scarab_42.mps>
 <a0,fr42>
File: scarab_43.mps Graphic file (type mps)
<scarab_43.mps>
 <a0,fr43>
File: scarab_44.mps Graphic file (type mps)
<scarab_44.mps>
 <a0,fr44>
File: scarab_45.mps Graphic file (type mps)
<scarab_45.mps>
 <a0,fr45>
File: scarab_46.mps Graphic file (type mps)
<scarab_46.mps>
 <a0,fr46>
File: scarab_47.mps Graphic file (type mps)
<scarab_47.mps>
 <a0,fr47>
File: scarab_48.mps Graphic file (type mps)
<scarab_48.mps>
 <a0,fr48>
File: scarab_49.mps Graphic file (type mps)
<scarab_49.mps>
 <a0,fr49>
File: scarab_50.mps Graphic file (type mps)
<scarab_50.mps>
 <a0,fr50>
File: scarab_51.mps Graphic file (type mps)
<scarab_51.mps>
 <a0,fr51>
File: scarab_52.mps Graphic file (type mps)
<scarab_52.mps>
 <a0,fr52>
File: scarab_53.mps Graphic file (type mps)
<scarab_53.mps>
 <a0,fr53>
File: scarab_54.mps Graphic file (type mps)
<scarab_54.mps>
 <a0,fr54>
File: scarab_55.mps Graphic file (type mps)
<scarab_55.mps>
 <a0,fr55>
File: scarab_56.mps Graphic file (type mps)
<scarab_56.mps>
 <a0,fr56>
File: scarab_57.mps Graphic file (type mps)
<scarab_57.mps>
 <a0,fr57>
File: scarab_58.mps Graphic file (type mps)
<scarab_58.mps>
 <a0,fr58>
File: scarab_59.mps Graphic file (type mps)
<scarab_59.mps>
 <a0,fr59>
File: scarab_60.mps Graphic file (type mps)
<scarab_60.mps>
 <a0,fr60>
File: scarab_61.mps Graphic file (type mps)
<scarab_61.mps>
 <a0,fr61>
File: scarab_62.mps Graphic file (type mps)
<scarab_62.mps>
 <a0,fr62>
File: scarab_63.mps Graphic file (type mps)
<scarab_63.mps>
 <a0,fr63>
File: scarab_64.mps Graphic file (type mps)
<scarab_64.mps>
 <a0,fr64>
File: scarab_65.mps Graphic file (type mps)
<scarab_65.mps>
 <a0,fr65>
File: scarab_66.mps Graphic file (type mps)
<scarab_66.mps>
 <a0,fr66>
File: scarab_67.mps Graphic file (type mps)
<scarab_67.mps>
 <a0,fr67>
File: scarab_68.mps Graphic file (type mps)
<scarab_68.mps>
 <a0,fr68>
File: scarab_69.mps Graphic file (type mps)
<scarab_69.mps>
 <a0,fr69>
File: scarab_70.mps Graphic file (type mps)
<scarab_70.mps>
 <a0,fr70>
File: scarab_71.mps Graphic file (type mps)
<scarab_71.mps>
 <a0,fr71>
File: scarab_72.mps Graphic file (type mps)
<scarab_72.mps>
 <a0,fr72>
File: scarab_73.mps Graphic file (type mps)
<scarab_73.mps>
 <a0,fr73>
File: scarab_74.mps Graphic file (type mps)
<scarab_74.mps>
 <a0,fr74>
File: scarab_75.mps Graphic file (type mps)
<scarab_75.mps>
 <a0,fr75>
File: scarab_76.mps Graphic file (type mps)
<scarab_76.mps>
 <a0,fr76>
File: scarab_77.mps Graphic file (type mps)
<scarab_77.mps>
 <a0,fr77>
File: scarab_78.mps Graphic file (type mps)
<scarab_78.mps>
 <a0,fr78>
File: scarab_79.mps Graphic file (type mps)
<scarab_79.mps>
 <a0,fr79>
File: scarab_80.mps Graphic file (type mps)
<scarab_80.mps>
 <a0,fr80>
File: scarab_81.mps Graphic file (type mps)
<scarab_81.mps>
 <a0,fr81>
File: scarab_82.mps Graphic file (type mps)
<scarab_82.mps>
 <a0,fr82>
File: scarab_83.mps Graphic file (type mps)
<scarab_83.mps>
 <a0,fr83>
File: scarab_84.mps Graphic file (type mps)
<scarab_84.mps>
 <a0,fr84>
File: scarab_85.mps Graphic file (type mps)
<scarab_85.mps>
 <a0,fr85>
File: scarab_86.mps Graphic file (type mps)
<scarab_86.mps>
 <a0,fr86>
File: scarab_87.mps Graphic file (type mps)
<scarab_87.mps>
 <a0,fr87>
File: scarab_88.mps Graphic file (type mps)
<scarab_88.mps>
 <a0,fr88>
File: scarab_89.mps Graphic file (type mps)
<scarab_89.mps>
 <a0,fr89>
File: scarab_90.mps Graphic file (type mps)
<scarab_90.mps>
 <a0,fr90>
File: scarab_91.mps Graphic file (type mps)
<scarab_91.mps>
 <a0,fr91>
File: scarab_92.mps Graphic file (type mps)
<scarab_92.mps>
 <a0,fr92>
File: scarab_93.mps Graphic file (type mps)
<scarab_93.mps>
 <a0,fr93>
File: scarab_94.mps Graphic file (type mps)
<scarab_94.mps>
 <a0,fr94>
File: scarab_95.mps Graphic file (type mps)
<scarab_95.mps>
 <a0,fr95>
File: scarab_96.mps Graphic file (type mps)
<scarab_96.mps>
 <a0,fr96>
File: scarab_97.mps Graphic file (type mps)
<scarab_97.mps>
 <a0,fr97>
File: scarab_98.mps Graphic file (type mps)
<scarab_98.mps>
 <a0,fr98>
File: scarab_99.mps Graphic file (type mps)
<scarab_99.mps>
 <a0,fr99>
File: scarab_100.mps Graphic file (type mps)
<scarab_100.mps>
 <a0,fr100>
File: scarab_101.mps Graphic file (type mps)
<scarab_101.mps>
 <a0,fr101>
File: scarab_102.mps Graphic file (type mps)
<scarab_102.mps>
 <a0,fr102>
File: scarab_103.mps Graphic file (type mps)
<scarab_103.mps>
 <a0,fr103>
File: scarab_104.mps Graphic file (type mps)
<scarab_104.mps>
 <a0,fr104>
File: scarab_105.mps Graphic file (type mps)
<scarab_105.mps>
 <a0,fr105>
File: scarab_106.mps Graphic file (type mps)
<scarab_106.mps>
 <a0,fr106>
File: scarab_107.mps Graphic file (type mps)
<scarab_107.mps>
 <a0,fr107>
File: scarab_108.mps Graphic file (type mps)
<scarab_108.mps>
 <a0,fr108>
File: scarab_109.mps Graphic file (type mps)
<scarab_109.mps>
 <a0,fr109>
File: scarab_110.mps Graphic file (type mps)
<scarab_110.mps>
 <a0,fr110>
File: scarab_111.mps Graphic file (type mps)
<scarab_111.mps>
 <a0,fr111>
File: scarab_112.mps Graphic file (type mps)
<scarab_112.mps>
 <a0,fr112>
File: scarab_113.mps Graphic file (type mps)
<scarab_113.mps>
 <a0,fr113>
File: scarab_114.mps Graphic file (type mps)
<scarab_114.mps>
 <a0,fr114>
File: scarab_115.mps Graphic file (type mps)
<scarab_115.mps>
 <a0,fr115>
File: scarab_116.mps Graphic file (type mps)
<scarab_116.mps>
 <a0,fr116>
File: scarab_117.mps Graphic file (type mps)
<scarab_117.mps>
 <a0,fr117>
File: scarab_118.mps Graphic file (type mps)
<scarab_118.mps>
 <a0,fr118>
File: scarab_119.mps Graphic file (type mps)
<scarab_119.mps>
 <a0,fr119>
File: scarab_120.mps Graphic file (type mps)
<scarab_120.mps>
 <a0,fr120>
File: scarab_121.mps Graphic file (type mps)
<scarab_121.mps>
 <a0,fr121>
File: scarab_122.mps Graphic file (type mps)
<scarab_122.mps>
 <a0,fr122>
File: scarab_123.mps Graphic file (type mps)
<scarab_123.mps>
 <a0,fr123>
File: scarab_124.mps Graphic file (type mps)
<scarab_124.mps>
 <a0,fr124>
File: scarab_125.mps Graphic file (type mps)
<scarab_125.mps>
 <a0,fr125>
File: scarab_126.mps Graphic file (type mps)
<scarab_126.mps>
 <a0,fr126>
File: scarab_127.mps Graphic file (type mps)
<scarab_127.mps>
 <a0,fr127>
File: scarab_128.mps Graphic file (type mps)
<scarab_128.mps>
 <a0,fr128>
File: scarab_129.mps Graphic file (type mps)
<scarab_129.mps>
 <a0,fr129>
File: scarab_130.mps Graphic file (type mps)
<scarab_130.mps>
 <a0,fr130>
File: scarab_131.mps Graphic file (type mps)
<scarab_131.mps>
 <a0,fr131>
File: scarab_132.mps Graphic file (type mps)
<scarab_132.mps>
 <a0,fr132>
File: scarab_133.mps Graphic file (type mps)
<scarab_133.mps>
 <a0,fr133>
File: scarab_134.mps Graphic file (type mps)
<scarab_134.mps>
 <a0,fr134>
File: scarab_135.mps Graphic file (type mps)
<scarab_135.mps>
 <a0,fr135>
File: scarab_136.mps Graphic file (type mps)
<scarab_136.mps>
 <a0,fr136>
File: scarab_137.mps Graphic file (type mps)
<scarab_137.mps>
 <a0,fr137>
File: scarab_138.mps Graphic file (type mps)
<scarab_138.mps>
 <a0,fr138>
File: scarab_139.mps Graphic file (type mps)
<scarab_139.mps>
 <a0,fr139>
File: scarab_140.mps Graphic file (type mps)
<scarab_140.mps>
 <a0,fr140>
File: scarab_141.mps Graphic file (type mps)
<scarab_141.mps>
 <a0,fr141>
File: scarab_142.mps Graphic file (type mps)
<scarab_142.mps>
 <a0,fr142>
File: scarab_143.mps Graphic file (type mps)
<scarab_143.mps>
 <a0,fr143>
File: scarab_144.mps Graphic file (type mps)
<scarab_144.mps>
 <a0,fr144>
File: scarab_145.mps Graphic file (type mps)
<scarab_145.mps>
 <a0,fr145>
File: scarab_146.mps Graphic file (type mps)
<scarab_146.mps>
 <a0,fr146>
File: scarab_147.mps Graphic file (type mps)
<scarab_147.mps>
 <a0,fr147>
File: scarab_148.mps Graphic file (type mps)
<scarab_148.mps>
 <a0,fr148>
File: scarab_149.mps Graphic file (type mps)
<scarab_149.mps>
 <a0,fr149>
File: scarab_150.mps Graphic file (type mps)
<scarab_150.mps>
 <a0,fr150>
File: scarab_151.mps Graphic file (type mps)
<scarab_151.mps>
 <a0,fr151>
File: scarab_152.mps Graphic file (type mps)
<scarab_152.mps>
 <a0,fr152>
File: scarab_153.mps Graphic file (type mps)
<scarab_153.mps>
 <a0,fr153>
File: scarab_154.mps Graphic file (type mps)
<scarab_154.mps>
 <a0,fr154>
File: scarab_155.mps Graphic file (type mps)
<scarab_155.mps>
 <a0,fr155>
File: scarab_156.mps Graphic file (type mps)
<scarab_156.mps>
 <a0,fr156>
File: scarab_157.mps Graphic file (type mps)
<scarab_157.mps>
 <a0,fr157>
File: scarab_158.mps Graphic file (type mps)
<scarab_158.mps>
 <a0,fr158>
File: scarab_159.mps Graphic file (type mps)
<scarab_159.mps>
 <a0,fr159>
File: scarab_160.mps Graphic file (type mps)
<scarab_160.mps>
 <a0,fr160>
File: scarab_161.mps Graphic file (type mps)
<scarab_161.mps>
 <a0,fr161>
File: scarab_162.mps Graphic file (type mps)
<scarab_162.mps>
 <a0,fr162>
File: scarab_163.mps Graphic file (type mps)
<scarab_163.mps>
 <a0,fr163>
File: scarab_164.mps Graphic file (type mps)
<scarab_164.mps>
 <a0,fr164>
File: scarab_165.mps Graphic file (type mps)
<scarab_165.mps>
 <a0,fr165>
File: scarab_166.mps Graphic file (type mps)
<scarab_166.mps>
 <a0,fr166>
File: scarab_167.mps Graphic file (type mps)
<scarab_167.mps>
 <a0,fr167>
File: scarab_168.mps Graphic file (type mps)
<scarab_168.mps>
 <a0,fr168>
File: scarab_169.mps Graphic file (type mps)
<scarab_169.mps>
 <a0,fr169>
File: scarab_170.mps Graphic file (type mps)
<scarab_170.mps>
 <a0,fr170>
File: scarab_171.mps Graphic file (type mps)
<scarab_171.mps>
 <a0,fr171>
File: scarab_172.mps Graphic file (type mps)
<scarab_172.mps>
 <a0,fr172>
File: scarab_173.mps Graphic file (type mps)
<scarab_173.mps>
 <a0,fr173>
File: scarab_174.mps Graphic file (type mps)
<scarab_174.mps>
 <a0,fr174>
File: scarab_175.mps Graphic file (type mps)
<scarab_175.mps>
 <a0,fr175>
File: scarab_176.mps Graphic file (type mps)
<scarab_176.mps>
 <a0,fr176>
File: scarab_177.mps Graphic file (type mps)
<scarab_177.mps>
 <a0,fr177>
File: scarab_178.mps Graphic file (type mps)
<scarab_178.mps>
 <a0,fr178>
File: scarab_179.mps Graphic file (type mps)
<scarab_179.mps>
 <a0,fr179>
File: scarab_180.mps Graphic file (type mps)
<scarab_180.mps>
 <a0,fr180>
File: scarab_181.mps Graphic file (type mps)
<scarab_181.mps>
 <a0,fr181>
File: scarab_182.mps Graphic file (type mps)
<scarab_182.mps>
 <a0,fr182>
File: scarab_183.mps Graphic file (type mps)
<scarab_183.mps>
 <a0,fr183>
File: scarab_184.mps Graphic file (type mps)
<scarab_184.mps>
 <a0,fr184>
File: scarab_185.mps Graphic file (type mps)
<scarab_185.mps>
 <a0,fr185>
File: scarab_186.mps Graphic file (type mps)
<scarab_186.mps>
 <a0,fr186>
File: scarab_187.mps Graphic file (type mps)
<scarab_187.mps>
 <a0,fr187>
File: scarab_188.mps Graphic file (type mps)
<scarab_188.mps>
 <a0,fr188>
File: scarab_189.mps Graphic file (type mps)
<scarab_189.mps>
 <a0,fr189>
File: scarab_190.mps Graphic file (type mps)
<scarab_190.mps>
 <a0,fr190>
File: scarab_191.mps Graphic file (type mps)
<scarab_191.mps>
 <a0,fr191>
File: scarab_192.mps Graphic file (type mps)
<scarab_192.mps>
 <a0,fr192>
File: scarab_193.mps Graphic file (type mps)
<scarab_193.mps>
 <a0,fr193>
File: scarab_194.mps Graphic file (type mps)
<scarab_194.mps>
 <a0,fr194>
File: scarab_195.mps Graphic file (type mps)
<scarab_195.mps>
 <a0,fr195>
File: scarab_196.mps Graphic file (type mps)
<scarab_196.mps>
 <a0,fr196>
File: scarab_197.mps Graphic file (type mps)
<scarab_197.mps>
 <a0,fr197>
File: scarab_198.mps Graphic file (type mps)
<scarab_198.mps>
 <a0,fr198>
File: scarab_199.mps Graphic file (type mps)
<scarab_199.mps>
 <a0,fr199>
File: scarab_200.mps Graphic file (type mps)
<scarab_200.mps>
 <a0,fr200>
File: scarab_201.mps Graphic file (type mps)
<scarab_201.mps>
 <a0,fr201>
File: scarab_202.mps Graphic file (type mps)
<scarab_202.mps>
 <a0,fr202>
File: scarab_203.mps Graphic file (type mps)
<scarab_203.mps>
 <a0,fr203>
File: scarab_204.mps Graphic file (type mps)
<scarab_204.mps>
 <a0,fr204>
File: scarab_205.mps Graphic file (type mps)
<scarab_205.mps>
 <a0,fr205>
File: scarab_206.mps Graphic file (type mps)
<scarab_206.mps>
 <a0,fr206>
File: scarab_207.mps Graphic file (type mps)
<scarab_207.mps>
 <a0,fr207>
File: scarab_208.mps Graphic file (type mps)
<scarab_208.mps>
 <a0,fr208>
File: scarab_209.mps Graphic file (type mps)
<scarab_209.mps>
 <a0,fr209>
File: scarab_210.mps Graphic file (type mps)
<scarab_210.mps>
 <a0,fr210>
File: scarab_211.mps Graphic file (type mps)
<scarab_211.mps>
 <a0,fr211>
File: scarab_212.mps Graphic file (type mps)
<scarab_212.mps>
 <a0,fr212>
File: scarab_213.mps Graphic file (type mps)
<scarab_213.mps>
 <a0,fr213>
File: scarab_214.mps Graphic file (type mps)
<scarab_214.mps>
 <a0,fr214>
File: scarab_215.mps Graphic file (type mps)
<scarab_215.mps>
 <a0,fr215>
File: scarab_216.mps Graphic file (type mps)
<scarab_216.mps>
 <a0,fr216>
File: scarab_217.mps Graphic file (type mps)
<scarab_217.mps>
 <a0,fr217>
File: scarab_218.mps Graphic file (type mps)
<scarab_218.mps>
 <a0,fr218>
File: scarab_219.mps Graphic file (type mps)
<scarab_219.mps>
 <a0,fr219>
File: scarab_220.mps Graphic file (type mps)
<scarab_220.mps>
 <a0,fr220>
File: scarab_221.mps Graphic file (type mps)
<scarab_221.mps>
 <a0,fr221>
File: scarab_222.mps Graphic file (type mps)
<scarab_222.mps>
 <a0,fr222>
File: scarab_223.mps Graphic file (type mps)
<scarab_223.mps>
 <a0,fr223>
File: scarab_224.mps Graphic file (type mps)
<scarab_224.mps>
 <a0,fr224>
File: scarab_225.mps Graphic file (type mps)
<scarab_225.mps>
 <a0,fr225>
File: scarab_226.mps Graphic file (type mps)
<scarab_226.mps>
 <a0,fr226>
File: scarab_227.mps Graphic file (type mps)
<scarab_227.mps>
 <a0,fr227>
File: scarab_228.mps Graphic file (type mps)
<scarab_228.mps>
 <a0,fr228>
File: scarab_229.mps Graphic file (type mps)
<scarab_229.mps>
 <a0,fr229>
File: scarab_230.mps Graphic file (type mps)
<scarab_230.mps>
 <a0,fr230>
File: scarab_231.mps Graphic file (type mps)
<scarab_231.mps>
 <a0,fr231>
File: scarab_232.mps Graphic file (type mps)
<scarab_232.mps>
 <a0,fr232>
File: scarab_233.mps Graphic file (type mps)
<scarab_233.mps>
 <a0,fr233>
File: scarab_234.mps Graphic file (type mps)
<scarab_234.mps>
 <a0,fr234>
File: scarab_235.mps Graphic file (type mps)
<scarab_235.mps>
 <a0,fr235>
File: scarab_236.mps Graphic file (type mps)
<scarab_236.mps>
 <a0,fr236>
File: scarab_237.mps Graphic file (type mps)
<scarab_237.mps>
 <a0,fr237>
File: scarab_238.mps Graphic file (type mps)
<scarab_238.mps>
 <a0,fr238>
File: scarab_239.mps Graphic file (type mps)
<scarab_239.mps>
 <a0,fr239>
File: scarab_240.mps Graphic file (type mps)
<scarab_240.mps>
 <a0,fr240>
File: scarab_241.mps Graphic file (type mps)
<scarab_241.mps>
 <a0,fr241>
File: scarab_242.mps Graphic file (type mps)
<scarab_242.mps>
 <a0,fr242>
File: scarab_243.mps Graphic file (type mps)
<scarab_243.mps>
 <a0,fr243>
File: scarab_244.mps Graphic file (type mps)
<scarab_244.mps>
 <a0,fr244>
File: scarab_245.mps Graphic file (type mps)
<scarab_245.mps>
 <a0,fr245>
File: scarab_246.mps Graphic file (type mps)
<scarab_246.mps>
 <a0,fr246>
File: scarab_247.mps Graphic file (type mps)
<scarab_247.mps>
 <a0,fr247>
File: scarab_248.mps Graphic file (type mps)
<scarab_248.mps>
 <a0,fr248>
File: scarab_249.mps Graphic file (type mps)
<scarab_249.mps>
 <a0,fr249>
File: scarab_250.mps Graphic file (type mps)
<scarab_250.mps>
 <a0,fr250>
File: scarab_251.mps Graphic file (type mps)
<scarab_251.mps>
 <a0,fr251> <a0,fr252>
File: scarab_253.mps Graphic file (type mps)
<scarab_253.mps>
 <a0,fr253> <building timeline a0 from file `scarab.tln': . . . . . . . . . . . . . . . . . . . . . . . . . . . . . . . . . . . . . . . . . . . . . . . . . . . . . . . . . . . . . . . . . . . . . . . . . . . . . . . . . . . . . . . . . . . . . . . . . . . . . 101 frames built > [1

] (./main.aux) ) 
Here is how much of TeX's memory you used:
 6834 strings out of 476683
 127252 string characters out of 5809790
 1929018 words of memory out of 5000000
 26811 multiletter control sequences out of 15000+600000
 512295 words of font info for 33 fonts, out of 8000000 for 9000
 1348 hyphenation exceptions out of 8191
 165i,5n,479p,241b,688s stack positions out of 10000i,1000n,20000p,200000b,200000s

Output written on main.pdf (1 page).
