This is MetaPost, version 2.02 (TeX Live 2023/Arch Linux) (kpathsea version 6.3.5)  16 JUN 2023 22:24
**scarab.mp
(/usr/share/texmf-dist/metapost/base/mpost.mp
(/usr/share/texmf-dist/metapost/base/plain.mp
Preloading the plain mem file, version 1.005) ) (./scarab.mp [0] [101{psfonts.m
ap}{lbtn_oexx6f.enc}<LinLibertineT.pfb><LibertineMathMI.pfb>] [202] [1] [102<Li
nLibertineT.pfb><LibertineMathMI.pfb>] [2] [103<LinLibertineT.pfb><LibertineMat
hMI.pfb>] [203] [3] [104<LinLibertineT.pfb><LibertineMathMI.pfb>] [4] [105<LinL
ibertineT.pfb><LibertineMathMI.pfb>] [204] [5] [106<LinLibertineT.pfb><Libertin
eMathMI.pfb>] [6] [107<LinLibertineT.pfb><LibertineMathMI.pfb>] [205] [7] [108<
LinLibertineT.pfb><LibertineMathMI.pfb>] [8] [109<LinLibertineT.pfb><LibertineM
athMI.pfb>] [206] [9] [110<LinLibertineT.pfb><LibertineMathMI.pfb>] [10] [111<L
inLibertineT.pfb><LibertineMathMI.pfb>] [207] [11] [112<LinLibertineT.pfb><Libe
rtineMathMI.pfb>] [12] [113<LinLibertineT.pfb><LibertineMathMI.pfb>] [208]
[13] [114<LinLibertineT.pfb><LibertineMathMI.pfb>] [14] [115<LinLibertineT.pfb>
<LibertineMathMI.pfb>] [209] [15] [116<LinLibertineT.pfb><LibertineMathMI.pfb>]
[16] [117<LinLibertineT.pfb><LibertineMathMI.pfb>] [210] [17] [118<LinLibertine
T.pfb><LibertineMathMI.pfb>] [18] [119<LinLibertineT.pfb><LibertineMathMI.pfb>]
[211] [19] [120<LinLibertineT.pfb><LibertineMathMI.pfb>] [20] [121<LinLibertine
T.pfb><LibertineMathMI.pfb>] [212] [21] [122<LinLibertineT.pfb><LibertineMathMI
.pfb>] [22] [123<LinLibertineT.pfb><LibertineMathMI.pfb>] [213] [23] [124<LinLi
bertineT.pfb><LibertineMathMI.pfb>] [24] [125<LinLibertineT.pfb><LibertineMathM
I.pfb>] [214] [25] [126<LinLibertineT.pfb><LibertineMathMI.pfb>] [26] [127<LinL
ibertineT.pfb><LibertineMathMI.pfb>] [215] [27] [128<LinLibertineT.pfb><Liberti
neMathMI.pfb>] [28] [129<LinLibertineT.pfb><LibertineMathMI.pfb>] [216] [29]
[130<LinLibertineT.pfb><LibertineMathMI.pfb>] [30] [131<LinLibertineT.pfb><Libe
rtineMathMI.pfb>] [217] [31] [132<LinLibertineT.pfb><LibertineMathMI.pfb>]
[32] [133<LinLibertineT.pfb><LibertineMathMI.pfb>] [218] [33] [134<LinLibertine
T.pfb><LibertineMathMI.pfb>] [34] [135<LinLibertineT.pfb><LibertineMathMI.pfb>]
[219] [35] [136<LinLibertineT.pfb><LibertineMathMI.pfb>] [36] [137<LinLibertine
T.pfb><LibertineMathMI.pfb>] [220] [37] [138<LinLibertineT.pfb><LibertineMathMI
.pfb>] [38] [139<LinLibertineT.pfb><LibertineMathMI.pfb>] [221] [39] [140<LinLi
bertineT.pfb><LibertineMathMI.pfb>] [40] [141<LinLibertineT.pfb><LibertineMathM
I.pfb>] [222] [41] [142<LinLibertineT.pfb><LibertineMathMI.pfb>] [42] [143<LinL
ibertineT.pfb><LibertineMathMI.pfb>] [223] [43] [144<LinLibertineT.pfb><Liberti
neMathMI.pfb>] [44] [145<LinLibertineT.pfb><LibertineMathMI.pfb>] [224] [45]
[146<LinLibertineT.pfb><LibertineMathMI.pfb>] [46] [147<LinLibertineT.pfb><Libe
rtineMathMI.pfb>] [225] [47] [148<LinLibertineT.pfb><LibertineMathMI.pfb>]
[48] [149<LinLibertineT.pfb><LibertineMathMI.pfb>] [226] [49] [150<LinLibertine
T.pfb><LibertineMathMI.pfb>] [50] [151<LinLibertineT.pfb><LibertineMathMI.pfb>]
[227] [51] [152<LinLibertineT.pfb><LibertineMathMI.pfb>] [52] [153<LinLibertine
T.pfb><LibertineMathMI.pfb>] [228] [53] [154<LinLibertineT.pfb><LibertineMathMI
.pfb>] [54] [155<LinLibertineT.pfb><LibertineMathMI.pfb>] [229] [55] [156<LinLi
bertineT.pfb><LibertineMathMI.pfb>] [56] [157<LinLibertineT.pfb><LibertineMathM
I.pfb>] [230] [57] [158<LinLibertineT.pfb><LibertineMathMI.pfb>] [58] [159<LinL
ibertineT.pfb><LibertineMathMI.pfb>] [231] [59] [160<LinLibertineT.pfb><Liberti
neMathMI.pfb>] [60] [161<LinLibertineT.pfb><LibertineMathMI.pfb>] [232] [61]
[162<LinLibertineT.pfb><LibertineMathMI.pfb>] [62] [163<LinLibertineT.pfb><Libe
rtineMathMI.pfb>] [233] [63] [164<LinLibertineT.pfb><LibertineMathMI.pfb>]
[64] [165<LinLibertineT.pfb><LibertineMathMI.pfb>] [234] [65] [166<LinLibertine
T.pfb><LibertineMathMI.pfb>] [66] [167<LinLibertineT.pfb><LibertineMathMI.pfb>]
[235] [67] [168<LinLibertineT.pfb><LibertineMathMI.pfb>] [68] [169<LinLibertine
T.pfb><LibertineMathMI.pfb>] [236] [69] [170<LinLibertineT.pfb><LibertineMathMI
.pfb>] [70] [171<LinLibertineT.pfb><LibertineMathMI.pfb>] [237] [71] [172<LinLi
bertineT.pfb><LibertineMathMI.pfb>] [72] [173<LinLibertineT.pfb><LibertineMathM
I.pfb>] [238] [73] [174<LinLibertineT.pfb><LibertineMathMI.pfb>] [74] [175<LinL
ibertineT.pfb><LibertineMathMI.pfb>] [239] [75] [176<LinLibertineT.pfb><Liberti
neMathMI.pfb>] [76] [177<LinLibertineT.pfb><LibertineMathMI.pfb>] [240] [77]
[178<LinLibertineT.pfb><LibertineMathMI.pfb>] [78] [179<LinLibertineT.pfb><Libe
rtineMathMI.pfb>] [241] [79] [180<LinLibertineT.pfb><LibertineMathMI.pfb>]
[80] [181<LinLibertineT.pfb><LibertineMathMI.pfb>] [242] [81] [182<LinLibertine
T.pfb><LibertineMathMI.pfb>] [82] [183<LinLibertineT.pfb><LibertineMathMI.pfb>]
[243] [83] [184<LinLibertineT.pfb><LibertineMathMI.pfb>] [84] [185<LinLibertine
T.pfb><LibertineMathMI.pfb>] [244] [85] [186<LinLibertineT.pfb><LibertineMathMI
.pfb>] [86] [187<LinLibertineT.pfb><LibertineMathMI.pfb>] [245] [87] [188<LinLi
bertineT.pfb><LibertineMathMI.pfb>] [88] [189<LinLibertineT.pfb><LibertineMathM
I.pfb>] [246] [89] [190<LinLibertineT.pfb><LibertineMathMI.pfb>] [90] [191<LinL
ibertineT.pfb><LibertineMathMI.pfb>] [247] [91] [192<LinLibertineT.pfb><Liberti
neMathMI.pfb>] [92] [193<LinLibertineT.pfb><LibertineMathMI.pfb>] [248] [93]
[194<LinLibertineT.pfb><LibertineMathMI.pfb>] [94] [195<LinLibertineT.pfb><Libe
rtineMathMI.pfb>] [249] [95] [196<LinLibertineT.pfb><LibertineMathMI.pfb>]
[96] [197<LinLibertineT.pfb><LibertineMathMI.pfb>] [250] [97] [198<LinLibertine
T.pfb><LibertineMathMI.pfb>] [98] [199<LinLibertineT.pfb><LibertineMathMI.pfb>]
[251] [99] [200<LinLibertineT.pfb><LibertineMathMI.pfb>] [100] [201<LinLibertin
eT.pfb><LibertineMathMI.pfb>] [252] [253{lbtn_kijugd.enc}<LinLibertineT.pfb><Li
bertineMathMI.pfb><LinLibertineTI.pfb><txmiaX.pfb><txsys.pfb>] )
254 output files written: scarab_0.mps .. scarab_253.mps

